* using log directory ‘/Users/tobi/Repos/metabodecon/metabodecon/..Rcheck’
* using R version 4.5.2 (2025-10-31)
* using platform: aarch64-apple-darwin20
* R was compiled by
    Apple clang version 16.0.0 (clang-1600.0.26.6)
    GNU Fortran (GCC) 14.2.0
* running under: macOS Tahoe 26.2
* using session charset: UTF-8
* checking for file ‘./DESCRIPTION’ ... OK
* this is package ‘metabodecon’ version ‘1.6.3’
* package encoding: UTF-8
* checking package namespace information ... OK
* checking package dependencies ... OK
* checking if this is a source package ... OK
* checking if there is a namespace ... OK
* checking for executable files ... WARNING
Found the following executable files:
  misc/example_datasets/bruker/aki/AKI_8_24_03_110722/10/pdata/10/1r
  misc/example_datasets/bruker/aki/AKI_8_24_107_110816/10/pdata/10/1r
  misc/example_datasets/bruker/aki/AKI_8_24_67_110729/10/pdata/10/1r
  misc/example_datasets/bruker/blood/blood_13/10/pdata/10/1i
  misc/example_datasets/bruker/blood/blood_16/10/pdata/10/1r
  misc/example_datasets/bruker/test/Test_13/10/pdata/10/1i
  misc/example_datasets/bruker/test/Test_16/10/pdata/10/1r
  tmp/xds_v110_compare/example_datasets/bruker/blood/blood_13/10/pdata/10/1i
  tmp/xds_v110_compare/example_datasets/bruker/blood/blood_16/10/pdata/10/1r
  tmp/xds_v110_compare/example_datasets/bruker/test/Test_13/10/pdata/10/1i
  tmp/xds_v110_compare/example_datasets/bruker/test/Test_16/10/pdata/10/1r
  tmp/xds_v163_compare/example_datasets/bruker/aki/AKI_8_24_03_110722/10/pdata/10/1r
  tmp/xds_v163_compare/example_datasets/bruker/aki/AKI_8_24_107_110816/10/pdata/10/1r
  tmp/xds_v163_compare/example_datasets/bruker/aki/AKI_8_24_67_110729/10/pdata/10/1r
  tmp/xds_v163_compare/example_datasets/bruker/blood/blood_13/10/pdata/10/1i
  tmp/xds_v163_compare/example_datasets/bruker/blood/blood_16/10/pdata/10/1r
  tmp/xds_v163_compare/example_datasets/bruker/test/Test_13/10/pdata/10/1i
  tmp/xds_v163_compare/example_datasets/bruker/test/Test_16/10/pdata/10/1r
Source packages should not contain undeclared executable files.
See section ‘Package structure’ in the ‘Writing R Extensions’ manual.
* checking for hidden files and directories ... NOTE
Found the following hidden files and directories:
  .DS_Store
  .codecov.yml
  .github/.gitignore
  .gitignore
  .lintr
  misc/.DS_Store
  misc/example_datasets/.DS_Store
  tmp/xds_v163_compare/example_datasets/.DS_Store
  vignettes/.gitignore
  vignettes/Classes/.$metabodecon_classes.drawio.bkp
  vignettes/Classes/.$spectra_classes.drawio.bkp
  ..Rcheck
  .git
  .github
These were most likely included in error. See section ‘Package
structure’ in the ‘Writing R Extensions’ manual.
* checking for portable file names ... NOTE
Found the following non-portable file paths:
  metabodecon/misc/example_datasets/bruker/urine/urine_1/10/pdata/10/GCKD_U_FA_1152_06_03_2020_ex10_p10.cnx
  metabodecon/misc/example_datasets/bruker/urine/urine_1/10/pdata/10/GCKD_U_FA_1152_06_03_2020_ex10_p10.cnx.il.cnx
  metabodecon/misc/example_datasets/bruker/urine/urine_1/10/pdata/10/GCKD_U_FA_1152_06_03_2020_ex10_p10_TSP.cnx
  metabodecon/misc/example_datasets/bruker/urine/urine_2/10/pdata/10/GCKD_U_FA_1135_06_03_2020_ex10_p10.cnx
  metabodecon/misc/example_datasets/bruker/urine/urine_2/10/pdata/10/GCKD_U_FA_1135_06_03_2020_ex10_p10.cnx.il.cnx
  metabodecon/misc/example_datasets/bruker/urine/urine_2/10/pdata/10/GCKD_U_FA_1135_06_03_2020_ex10_p10_TSP.cnx
  metabodecon/tmp/xds_v110_compare/example_datasets/bruker/urine/urine_1/10/pdata/10/GCKD_U_FA_1152_06_03_2020_ex10_p10.cnx
  metabodecon/tmp/xds_v110_compare/example_datasets/bruker/urine/urine_1/10/pdata/10/GCKD_U_FA_1152_06_03_2020_ex10_p10.cnx.il.cnx
  metabodecon/tmp/xds_v110_compare/example_datasets/bruker/urine/urine_1/10/pdata/10/GCKD_U_FA_1152_06_03_2020_ex10_p10_TSP.cnx
  metabodecon/tmp/xds_v110_compare/example_datasets/bruker/urine/urine_2/10/pdata/10/GCKD_U_FA_1135_06_03_2020_ex10_p10.cnx
  metabodecon/tmp/xds_v110_compare/example_datasets/bruker/urine/urine_2/10/pdata/10/GCKD_U_FA_1135_06_03_2020_ex10_p10.cnx.il.cnx
  metabodecon/tmp/xds_v110_compare/example_datasets/bruker/urine/urine_2/10/pdata/10/GCKD_U_FA_1135_06_03_2020_ex10_p10_TSP.cnx
  metabodecon/tmp/xds_v163_compare/example_datasets/bruker/urine/urine_1/10/pdata/10/GCKD_U_FA_1152_06_03_2020_ex10_p10.cnx
  metabodecon/tmp/xds_v163_compare/example_datasets/bruker/urine/urine_1/10/pdata/10/GCKD_U_FA_1152_06_03_2020_ex10_p10.cnx.il.cnx
  metabodecon/tmp/xds_v163_compare/example_datasets/bruker/urine/urine_1/10/pdata/10/GCKD_U_FA_1152_06_03_2020_ex10_p10_TSP.cnx
  metabodecon/tmp/xds_v163_compare/example_datasets/bruker/urine/urine_2/10/pdata/10/GCKD_U_FA_1135_06_03_2020_ex10_p10.cnx
  metabodecon/tmp/xds_v163_compare/example_datasets/bruker/urine/urine_2/10/pdata/10/GCKD_U_FA_1135_06_03_2020_ex10_p10.cnx.il.cnx
  metabodecon/tmp/xds_v163_compare/example_datasets/bruker/urine/urine_2/10/pdata/10/GCKD_U_FA_1135_06_03_2020_ex10_p10_TSP.cnx

Tarballs are only required to store paths of up to 100 bytes and cannot
store those of more than 256 bytes, with restrictions including to 100
bytes for the final component.
See section ‘Package structure’ in the ‘Writing R Extensions’ manual.
* checking for sufficient/correct file permissions ... OK
* checking whether package ‘metabodecon’ can be installed ... OK
* checking installed package size ... OK
* checking package directory ... OK
* checking DESCRIPTION meta-information ... NOTE
Checking should be performed on sources prepared by ‘R CMD build’.
* checking top-level files ... OK
* checking for left-over files ... OK
* checking index information ... OK
* checking package subdirectories ... WARNING
Found the following directory with the name of a check directory:
  ./..Rcheck
Most likely, these were included erroneously.
* checking code files for non-ASCII characters ... OK
* checking R files for syntax errors ... OK
* checking whether the package can be loaded ... OK
* checking whether the package can be loaded with stated dependencies ... OK
* checking whether the package can be unloaded cleanly ... OK
* checking whether the namespace can be loaded with stated dependencies ... OK
* checking whether the namespace can be unloaded cleanly ... OK
* checking loading without being on the library search path ... OK
* checking whether startup messages can be suppressed ... OK
* checking dependencies in R code ... OK
* checking S3 generic/method consistency ... OK
* checking replacement functions ... OK
* checking foreign function calls ... OK
* checking R code for possible problems ... OK
* checking Rd files ... OK
* checking Rd metadata ... OK
* checking Rd cross-references ... OK
* checking for missing documentation entries ... OK
* checking for code/documentation mismatches ... OK
* checking Rd \usage sections ... OK
* checking Rd contents ... OK
* checking for unstated dependencies in examples ... OK
* checking contents of ‘data’ directory ... OK
* checking data for non-ASCII characters ... OK
* checking LazyData ... OK
* checking data for ASCII and uncompressed saves ... OK
* checking files in ‘vignettes’ ... WARNING
Files in the 'vignettes' directory but no files in 'inst/doc':
  ‘AKI_Classification.pdf’ ‘Classes.Rmd’
  ‘Classes/metabodecon_workflow.drawio’
  ‘Classes/metabodecon_workflow.png’ ‘Classes/metabodecon_workflow.svg’
  ‘Compatibility.Rmd’ ‘Contributing.Rmd’ ‘Datasets.Rmd’
  ‘Datasets/png/sim_01.png’ ‘Datasets/png/sim_02.png’
  ‘Datasets/png/sim_03.png’ ‘Datasets/png/sim_04.png’
  ‘Datasets/png/sim_05.png’ ‘Datasets/png/sim_06.png’
  ‘Datasets/png/sim_07.png’ ‘Datasets/png/sim_08.png’
  ‘Datasets/png/sim_09.png’ ‘Datasets/png/sim_10.png’
  ‘Datasets/png/sim_11.png’ ‘Datasets/png/sim_12.png’
  ‘Datasets/png/sim_13.png’ ‘Datasets/png/sim_14.png’
  ‘Datasets/png/sim_15.png’ ‘Datasets/png/sim_16.png’
  ‘Datasets/svg/sim_01.svg’ ‘Datasets/svg/sim_02.svg’
  ‘Datasets/svg/sim_03.svg’ ‘Datasets/svg/sim_04.svg’
  ‘Datasets/svg/sim_05.svg’ ‘Datasets/svg/sim_06.svg’
  ‘Datasets/svg/sim_07.svg’ ‘Datasets/svg/sim_08.svg’
  ‘Datasets/svg/sim_09.svg’ ‘Datasets/svg/sim_10.svg’
  ‘Datasets/svg/sim_11.svg’ ‘Datasets/svg/sim_12.svg’
  ‘Datasets/svg/sim_13.svg’ ‘Datasets/svg/sim_14.svg’
  ‘Datasets/svg/sim_15.svg’ ‘Datasets/svg/sim_16.svg’ ‘FAQ.Rmd’
  ‘FAQ/water_artefact_n.png’ ‘Get_Started.Rmd’ ‘MetaboDecon1D.Rmd’
  ‘MetaboDecon1D/bruker/1_signal_borders.png’
  ‘MetaboDecon1D/bruker/2_water_artefact.png’
  ‘MetaboDecon1D/bruker/3_output.png’
  ‘MetaboDecon1D/bruker/4_plots.png’
  ‘MetaboDecon1D/bruker/5_n_spectra_1.png’
  ‘MetaboDecon1D/bruker/6_n_spectra_2.png’
  ‘MetaboDecon1D/install/1_website_gronwald_software.png’
  ‘MetaboDecon1D/install/2_index_gronwald_software.png’
  ‘MetaboDecon1D/install/3_downloaded_archive.png’
  ‘MetaboDecon1D/install/4_commands.png’
  ‘MetaboDecon1D/jcamp/1_one_jcamp_dx.png’
  ‘MetaboDecon1D/jcamp/2_many_jcamp_dxs_1.png’
  ‘MetaboDecon1D/jcamp/3_many_jcamp_dxs_2.png’
  ‘TODO/AKI_Classification.Rmd’ ‘TODO/AKI_Original.Rmd’
  ‘TODO/Alignment_Details.md’ ‘TODO/Deconvolution_Details.md’
  ‘TODO/NMR_Basics.md’ ‘TODO/PRARPX_vs_MSE.Rmd’ ‘TODO/Purpose.md’
  ‘TODO/Urine_analysis.md’ ‘defaults.R’ ‘figs/aki_test_best_align.png’
  ‘figs/aki_test_best_decon.png’ ‘figs/aki_test_best_raw.png’
  ‘figs/aki_test_idx.csv’
  ‘figs/aki_test_median.AKI_8_24_16_110722_align.png’
  ‘figs/aki_test_median.AKI_8_24_16_110722_decon.png’
  ‘figs/aki_test_median.AKI_8_24_16_110722_raw.png’
  ‘figs/aki_test_worst_align.png’ ‘figs/aki_test_worst_decon.png’
  ‘figs/aki_test_worst_raw.png’ ‘figs/aki_train_best_align.png’
  ‘figs/aki_train_best_decon.png’ ‘figs/aki_train_best_raw.png’
  ‘figs/aki_train_idx.csv’
  ‘figs/aki_train_median.AKI_8_24_06_110722_align.png’
  ‘figs/aki_train_median.AKI_8_24_06_110722_decon.png’
  ‘figs/aki_train_median.AKI_8_24_06_110722_raw.png’
  ‘figs/aki_train_worst_align.png’ ‘figs/aki_train_worst_decon.png’
  ‘figs/aki_train_worst_raw.png’ ‘figs/prarpx_mse_sim.png’
  ‘figs/prarpx_mse_sim.rds’ ‘styles.css’
* checking examples ... OK
* checking for unstated dependencies in ‘tests’ ... OK
* checking tests ...
  Running ‘testthat.R’
 OK
* checking for unstated dependencies in vignettes ... OK
* checking package vignettes ... WARNING
Directory 'inst/doc' does not exist.
Package vignette without corresponding single PDF/HTML:
  ‘Get_Started.Rmd’
* checking re-building of vignette outputs ...Warning in file.copy(pkgdir, vd2, recursive = TRUE) : over-long path
Warning in file.copy(pkgdir, vd2, recursive = TRUE) : over-long path
Warning in file.copy(pkgdir, vd2, recursive = TRUE) : over-long path
Warning in file.copy(pkgdir, vd2, recursive = TRUE) : over-long path
Warning in file.copy(pkgdir, vd2, recursive = TRUE) : over-long path
Warning in file.copy(pkgdir, vd2, recursive = TRUE) : over-long path
Warning in file.copy(pkgdir, vd2, recursive = TRUE) : over-long path
Warning in file.copy(pkgdir, vd2, recursive = TRUE) : over-long path
Warning in file.copy(pkgdir, vd2, recursive = TRUE) : over-long path
Warning in file.copy(pkgdir, vd2, recursive = TRUE) : over-long path
Warning in file.copy(pkgdir, vd2, recursive = TRUE) : over-long path
Warning in file.copy(pkgdir, vd2, recursive = TRUE) : over-long path
Warning in file.copy(pkgdir, vd2, recursive = TRUE) : over-long path
Warning in file.copy(pkgdir, vd2, recursive = TRUE) : over-long path
Warning in file.copy(pkgdir, vd2, recursive = TRUE) : over-long path
Warning in file.copy(pkgdir, vd2, recursive = TRUE) : over-long path
Warning in file.copy(pkgdir, vd2, recursive = TRUE) : over-long path
Warning in file.copy(pkgdir, vd2, recursive = TRUE) : over-long path
Warning in file.copy(pkgdir, vd2, recursive = TRUE) : over-long path
Warning in file.copy(pkgdir, vd2, recursive = TRUE) : over-long path
Warning in file.copy(pkgdir, vd2, recursive = TRUE) : over-long path
Warning in file.copy(pkgdir, vd2, recursive = TRUE) : over-long path
Warning in file.copy(pkgdir, vd2, recursive = TRUE) : over-long path
Warning in file.copy(pkgdir, vd2, recursive = TRUE) : over-long path
Warning in file.copy(pkgdir, vd2, recursive = TRUE) : over-long path
Warning in file.copy(pkgdir, vd2, recursive = TRUE) : over-long path
Warning in file.copy(pkgdir, vd2, recursive = TRUE) : over-long path
Warning in file.copy(pkgdir, vd2, recursive = TRUE) : over-long path
Warning in file.copy(pkgdir, vd2, recursive = TRUE) : over-long path
Warning in file.copy(pkgdir, vd2, recursive = TRUE) : over-long path
Warning in file.copy(pkgdir, vd2, recursive = TRUE) : over-long path
Warning in file.copy(pkgdir, vd2, recursive = TRUE) : over-long path
Warning in file.copy(pkgdir, vd2, recursive = TRUE) : over-long path
Warning in file.copy(pkgdir, vd2, recursive = TRUE) : over-long path
Warning in file.copy(pkgdir, vd2, recursive = TRUE) : over-long path
Warning in file.copy(pkgdir, vd2, recursive = TRUE) : over-long path
Warning in file.copy(pkgdir, vd2, recursive = TRUE) : over-long path
Warning in file.copy(pkgdir, vd2, recursive = TRUE) : over-long path
Warning in file.copy(pkgdir, vd2, recursive = TRUE) : over-long path
Warning in file.copy(pkgdir, vd2, recursive = TRUE) : over-long path
Warning in file.copy(pkgdir, vd2, recursive = TRUE) : over-long path
Warning in file.copy(pkgdir, vd2, recursive = TRUE) : over-long path
Warning in file.copy(pkgdir, vd2, recursive = TRUE) : over-long path
Warning in file.copy(pkgdir, vd2, recursive = TRUE) : over-long path
Warning in file.copy(pkgdir, vd2, recursive = TRUE) : over-long path
Warning in file.copy(pkgdir, vd2, recursive = TRUE) : over-long path
Warning in file.copy(pkgdir, vd2, recursive = TRUE) : over-long path
Warning in file.copy(pkgdir, vd2, recursive = TRUE) : over-long path
Warning in file.copy(pkgdir, vd2, recursive = TRUE) : over-long path
Warning in file.copy(pkgdir, vd2, recursive = TRUE) : over-long path
Warning in file.copy(pkgdir, vd2, recursive = TRUE) : over-long path
Warning in file.copy(pkgdir, vd2, recursive = TRUE) : over-long path
Warning in file.copy(pkgdir, vd2, recursive = TRUE) : over-long path
Warning in file.copy(pkgdir, vd2, recursive = TRUE) : over-long path
Warning in file.copy(pkgdir, vd2, recursive = TRUE) : over-long path
Warning in file.copy(pkgdir, vd2, recursive = TRUE) : over-long path
Warning in file.copy(pkgdir, vd2, recursive = TRUE) : over-long path
Warning in file.copy(pkgdir, vd2, recursive = TRUE) : over-long path
Warning in file.copy(pkgdir, vd2, recursive = TRUE) : over-long path
Warning in file.copy(pkgdir, vd2, recursive = TRUE) : over-long path
Warning in file.copy(pkgdir, vd2, recursive = TRUE) : over-long path
Warning in file.copy(pkgdir, vd2, recursive = TRUE) : over-long path
Warning in file.copy(pkgdir, vd2, recursive = TRUE) : over-long path
Warning in file.copy(pkgdir, vd2, recursive = TRUE) : over-long path
Warning in file.copy(pkgdir, vd2, recursive = TRUE) : over-long path
Warning in file.copy(pkgdir, vd2, recursive = TRUE) : over-long path
Warning in file.copy(pkgdir, vd2, recursive = TRUE) : over-long path
Warning in file.copy(pkgdir, vd2, recursive = TRUE) : over-long path
Warning in file.copy(pkgdir, vd2, recursive = TRUE) : over-long path
Warning in file.copy(pkgdir, vd2, recursive = TRUE) : over-long path
Warning in file.copy(pkgdir, vd2, recursive = TRUE) : over-long path
Warning in file.copy(pkgdir, vd2, recursive = TRUE) : over-long path
Warning in file.copy(pkgdir, vd2, recursive = TRUE) : over-long path
Warning in file.copy(pkgdir, vd2, recursive = TRUE) : over-long path
Warning in file.copy(pkgdir, vd2, recursive = TRUE) : over-long path
Warning in file.copy(pkgdir, vd2, recursive = TRUE) : over-long path
Warning in file.copy(pkgdir, vd2, recursive = TRUE) : over-long path
Warning in file.copy(pkgdir, vd2, recursive = TRUE) : over-long path
Warning in file.copy(pkgdir, vd2, recursive = TRUE) : over-long path
Warning in file.copy(pkgdir, vd2, recursive = TRUE) : over-long path
Warning in file.copy(pkgdir, vd2, recursive = TRUE) : over-long path
Warning in file.copy(pkgdir, vd2, recursive = TRUE) : over-long path
Warning in file.copy(pkgdir, vd2, recursive = TRUE) : over-long path
Warning in file.copy(pkgdir, vd2, recursive = TRUE) : over-long path
Warning in file.copy(pkgdir, vd2, recursive = TRUE) : over-long path
Warning in file.copy(pkgdir, vd2, recursive = TRUE) : over-long path
Warning in file.copy(pkgdir, vd2, recursive = TRUE) : over-long path
Warning in file.copy(pkgdir, vd2, recursive = TRUE) : over-long path
Warning in file.copy(pkgdir, vd2, recursive = TRUE) : over-long path
Warning in file.copy(pkgdir, vd2, recursive = TRUE) : over-long path
Warning in file.copy(pkgdir, vd2, recursive = TRUE) : over-long path
Warning in file.copy(pkgdir, vd2, recursive = TRUE) : over-long path
Warning in file.copy(pkgdir, vd2, recursive = TRUE) : over-long path
Warning in file.copy(pkgdir, vd2, recursive = TRUE) : over-long path
Warning in file.copy(pkgdir, vd2, recursive = TRUE) : over-long path
Warning in file.copy(pkgdir, vd2, recursive = TRUE) : over-long path
Warning in file.copy(pkgdir, vd2, recursive = TRUE) : over-long path
Warning in file.copy(pkgdir, vd2, recursive = TRUE) : over-long path
Warning in file.copy(pkgdir, vd2, recursive = TRUE) : over-long path
Warning in file.copy(pkgdir, vd2, recursive = TRUE) : over-long path
Warning in file.copy(pkgdir, vd2, recursive = TRUE) : over-long path
Warning in file.copy(pkgdir, vd2, recursive = TRUE) : over-long path
Warning in file.copy(pkgdir, vd2, recursive = TRUE) : over-long path
Warning in file.copy(pkgdir, vd2, recursive = TRUE) : over-long path
Warning in file.copy(pkgdir, vd2, recursive = TRUE) : over-long path
Warning in file.copy(pkgdir, vd2, recursive = TRUE) : over-long path
Warning in file.copy(pkgdir, vd2, recursive = TRUE) : over-long path
Warning in file.copy(pkgdir, vd2, recursive = TRUE) : over-long path
Warning in file.copy(pkgdir, vd2, recursive = TRUE) : over-long path
Warning in file.copy(pkgdir, vd2, recursive = TRUE) : over-long path
Warning in file.copy(pkgdir, vd2, recursive = TRUE) : over-long path
Warning in file.copy(pkgdir, vd2, recursive = TRUE) : over-long path
Warning in file.copy(pkgdir, vd2, recursive = TRUE) : over-long path
Warning in file.copy(pkgdir, vd2, recursive = TRUE) : over-long path
Warning in file.copy(pkgdir, vd2, recursive = TRUE) : over-long path
Warning in file.copy(pkgdir, vd2, recursive = TRUE) : over-long path
Warning in file.copy(pkgdir, vd2, recursive = TRUE) : over-long path
Warning in file.copy(pkgdir, vd2, recursive = TRUE) : over-long path
Warning in file.copy(pkgdir, vd2, recursive = TRUE) : over-long path
Warning in file.copy(pkgdir, vd2, recursive = TRUE) : over-long path
Warning in file.copy(pkgdir, vd2, recursive = TRUE) : over-long path
Warning in file.copy(pkgdir, vd2, recursive = TRUE) : over-long path
Warning in file.copy(pkgdir, vd2, recursive = TRUE) : over-long path
Warning in file.copy(pkgdir, vd2, recursive = TRUE) : over-long path
Warning in file.copy(pkgdir, vd2, recursive = TRUE) : over-long path
Warning in file.copy(pkgdir, vd2, recursive = TRUE) : over-long path
Warning in file.copy(pkgdir, vd2, recursive = TRUE) : over-long path
Warning in file.copy(pkgdir, vd2, recursive = TRUE) : over-long path
Warning in file.copy(pkgdir, vd2, recursive = TRUE) : over-long path
Warning in file.copy(pkgdir, vd2, recursive = TRUE) : over-long path
Warning in file.copy(pkgdir, vd2, recursive = TRUE) : over-long path
Warning in file.copy(pkgdir, vd2, recursive = TRUE) : over-long path
Warning in file.copy(pkgdir, vd2, recursive = TRUE) : over-long path
Warning in file.copy(pkgdir, vd2, recursive = TRUE) : over-long path
Warning in file.copy(pkgdir, vd2, recursive = TRUE) : over-long path
Warning in file.copy(pkgdir, vd2, recursive = TRUE) : over-long path
Warning in file.copy(pkgdir, vd2, recursive = TRUE) : over-long path
Warning in file.copy(pkgdir, vd2, recursive = TRUE) : over-long path
Warning in file.copy(pkgdir, vd2, recursive = TRUE) : over-long path
Warning in file.copy(pkgdir, vd2, recursive = TRUE) : over-long path
Warning in file.copy(pkgdir, vd2, recursive = TRUE) : over-long path
Warning in file.copy(pkgdir, vd2, recursive = TRUE) : over-long path
Warning in file.copy(pkgdir, vd2, recursive = TRUE) : over-long path
Warning in file.copy(pkgdir, vd2, recursive = TRUE) : over-long path
Warning in file.copy(pkgdir, vd2, recursive = TRUE) : over-long path
Warning in file.copy(pkgdir, vd2, recursive = TRUE) : over-long path
Warning in file.copy(pkgdir, vd2, recursive = TRUE) : over-long path
Warning in file.copy(pkgdir, vd2, recursive = TRUE) : over-long path
Warning in file.copy(pkgdir, vd2, recursive = TRUE) : over-long path
Warning in file.copy(pkgdir, vd2, recursive = TRUE) : over-long path
Warning in file.copy(pkgdir, vd2, recursive = TRUE) : over-long path
Warning in file.copy(pkgdir, vd2, recursive = TRUE) : over-long path
Warning in file.copy(pkgdir, vd2, recursive = TRUE) : over-long path
Warning in file.copy(pkgdir, vd2, recursive = TRUE) : over-long path
Warning in file.copy(pkgdir, vd2, recursive = TRUE) : over-long path
Warning in file.copy(pkgdir, vd2, recursive = TRUE) : over-long path
Warning in file.copy(pkgdir, vd2, recursive = TRUE) : over-long path
Warning in file.copy(pkgdir, vd2, recursive = TRUE) : over-long path
Warning in file.copy(pkgdir, vd2, recursive = TRUE) : over-long path
Warning in file.copy(pkgdir, vd2, recursive = TRUE) : over-long path
Warning in file.copy(pkgdir, vd2, recursive = TRUE) : over-long path
Warning in file.copy(pkgdir, vd2, recursive = TRUE) : over-long path
Warning in file.copy(pkgdir, vd2, recursive = TRUE) : over-long path
Warning in file.copy(pkgdir, vd2, recursive = TRUE) : over-long path
Warning in file.copy(pkgdir, vd2, recursive = TRUE) : over-long path
Warning in file.copy(pkgdir, vd2, recursive = TRUE) : over-long path
Warning in file.copy(pkgdir, vd2, recursive = TRUE) : over-long path
Warning in file.copy(pkgdir, vd2, recursive = TRUE) : over-long path
Warning in file.copy(pkgdir, vd2, recursive = TRUE) : over-long path
Warning in file.copy(pkgdir, vd2, recursive = TRUE) : over-long path
Warning in file.copy(pkgdir, vd2, recursive = TRUE) : over-long path
Warning in file.copy(pkgdir, vd2, recursive = TRUE) : over-long path
Warning in file.copy(pkgdir, vd2, recursive = TRUE) : over-long path
Warning in file.copy(pkgdir, vd2, recursive = TRUE) : over-long path
Warning in file.copy(pkgdir, vd2, recursive = TRUE) : over-long path
Warning in file.copy(pkgdir, vd2, recursive = TRUE) : over-long path
Warning in file.copy(pkgdir, vd2, recursive = TRUE) : over-long path
Warning in file.copy(pkgdir, vd2, recursive = TRUE) : over-long path
Warning in file.copy(pkgdir, vd2, recursive = TRUE) : over-long path
Warning in file.copy(pkgdir, vd2, recursive = TRUE) : over-long path
Warning in file.copy(pkgdir, vd2, recursive = TRUE) : over-long path
Warning in file.copy(pkgdir, vd2, recursive = TRUE) : over-long path
Warning in file.copy(pkgdir, vd2, recursive = TRUE) : over-long path
Warning in file.copy(pkgdir, vd2, recursive = TRUE) : over-long path
Warning in file.copy(pkgdir, vd2, recursive = TRUE) : over-long path
Warning in file.copy(pkgdir, vd2, recursive = TRUE) : over-long path
Warning in file.copy(pkgdir, vd2, recursive = TRUE) : over-long path
Warning in file.copy(pkgdir, vd2, recursive = TRUE) : over-long path
Warning in file.copy(pkgdir, vd2, recursive = TRUE) : over-long path
Warning in file.copy(pkgdir, vd2, recursive = TRUE) : over-long path
Warning in file.copy(pkgdir, vd2, recursive = TRUE) : over-long path
Warning in file.copy(pkgdir, vd2, recursive = TRUE) : over-long path
Warning in file.copy(pkgdir, vd2, recursive = TRUE) : over-long path
Warning in file.copy(pkgdir, vd2, recursive = TRUE) : over-long path
Warning in file.copy(pkgdir, vd2, recursive = TRUE) : over-long path
Warning in file.copy(pkgdir, vd2, recursive = TRUE) : over-long path
Warning in file.copy(pkgdir, vd2, recursive = TRUE) : over-long path
Warning in file.copy(pkgdir, vd2, recursive = TRUE) : over-long path
Warning in file.copy(pkgdir, vd2, recursive = TRUE) : over-long path
Warning in file.copy(pkgdir, vd2, recursive = TRUE) : over-long path
Warning in file.copy(pkgdir, vd2, recursive = TRUE) : over-long path
Warning in file.copy(pkgdir, vd2, recursive = TRUE) : over-long path
Warning in file.copy(pkgdir, vd2, recursive = TRUE) : over-long path
Warning in file.copy(pkgdir, vd2, recursive = TRUE) : over-long path
Warning in file.copy(pkgdir, vd2, recursive = TRUE) : over-long path
Warning in file.copy(pkgdir, vd2, recursive = TRUE) : over-long path
Warning in file.copy(pkgdir, vd2, recursive = TRUE) : over-long path
Warning in file.copy(pkgdir, vd2, recursive = TRUE) : over-long path
Warning in file.copy(pkgdir, vd2, recursive = TRUE) : over-long path
Warning in file.copy(pkgdir, vd2, recursive = TRUE) : over-long path
Warning in file.copy(pkgdir, vd2, recursive = TRUE) : over-long path
Warning in file.copy(pkgdir, vd2, recursive = TRUE) : over-long path
Warning in file.copy(pkgdir, vd2, recursive = TRUE) : over-long path
Warning in file.copy(pkgdir, vd2, recursive = TRUE) : over-long path
Warning in file.copy(pkgdir, vd2, recursive = TRUE) : over-long path
Warning in file.copy(pkgdir, vd2, recursive = TRUE) : over-long path
Warning in file.copy(pkgdir, vd2, recursive = TRUE) : over-long path
Warning in file.copy(pkgdir, vd2, recursive = TRUE) : over-long path
Warning in file.copy(pkgdir, vd2, recursive = TRUE) : over-long path
Warning in file.copy(pkgdir, vd2, recursive = TRUE) : over-long path
Warning in file.copy(pkgdir, vd2, recursive = TRUE) : over-long path
Warning in file.copy(pkgdir, vd2, recursive = TRUE) : over-long path
Warning in file.copy(pkgdir, vd2, recursive = TRUE) : over-long path
Warning in file.copy(pkgdir, vd2, recursive = TRUE) : over-long path
Warning in file.copy(pkgdir, vd2, recursive = TRUE) : over-long path
Warning in file.copy(pkgdir, vd2, recursive = TRUE) : over-long path
Warning in file.copy(pkgdir, vd2, recursive = TRUE) : over-long path
Warning in file.copy(pkgdir, vd2, recursive = TRUE) : over-long path
Warning in file.copy(pkgdir, vd2, recursive = TRUE) : over-long path
Warning in file.copy(pkgdir, vd2, recursive = TRUE) : over-long path
Warning in file.copy(pkgdir, vd2, recursive = TRUE) : over-long path
Warning in file.copy(pkgdir, vd2, recursive = TRUE) : over-long path
Warning in file.copy(pkgdir, vd2, recursive = TRUE) : over-long path
Warning in file.copy(pkgdir, vd2, recursive = TRUE) : over-long path
Warning in file.copy(pkgdir, vd2, recursive = TRUE) : over-long path
Warning in file.copy(pkgdir, vd2, recursive = TRUE) : over-long path
Warning in file.copy(pkgdir, vd2, recursive = TRUE) : over-long path
Warning in file.copy(pkgdir, vd2, recursive = TRUE) : over-long path
Warning in file.copy(pkgdir, vd2, recursive = TRUE) : over-long path
Warning in file.copy(pkgdir, vd2, recursive = TRUE) : over-long path
Warning in file.copy(pkgdir, vd2, recursive = TRUE) : over-long path
Warning in file.copy(pkgdir, vd2, recursive = TRUE) : over-long path
Warning in file.copy(pkgdir, vd2, recursive = TRUE) : over-long path
Warning in file.copy(pkgdir, vd2, recursive = TRUE) : over-long path
Warning in file.copy(pkgdir, vd2, recursive = TRUE) : over-long path
Warning in file.copy(pkgdir, vd2, recursive = TRUE) : over-long path
Warning in file.copy(pkgdir, vd2, recursive = TRUE) : over-long path
Warning in file.copy(pkgdir, vd2, recursive = TRUE) : over-long path
Warning in file.copy(pkgdir, vd2, recursive = TRUE) : over-long path
Warning in file.copy(pkgdir, vd2, recursive = TRUE) : over-long path
Warning in file.copy(pkgdir, vd2, recursive = TRUE) : over-long path
Warning in file.copy(pkgdir, vd2, recursive = TRUE) : over-long path
Warning in file.copy(pkgdir, vd2, recursive = TRUE) : over-long path
Warning in file.copy(pkgdir, vd2, recursive = TRUE) : over-long path
Warning in file.copy(pkgdir, vd2, recursive = TRUE) : over-long path
Warning in file.copy(pkgdir, vd2, recursive = TRUE) : over-long path
Warning in file.copy(pkgdir, vd2, recursive = TRUE) : over-long path
Warning in file.copy(pkgdir, vd2, recursive = TRUE) : over-long path
Warning in file.copy(pkgdir, vd2, recursive = TRUE) : over-long path
Warning in file.copy(pkgdir, vd2, recursive = TRUE) : over-long path
Warning in file.copy(pkgdir, vd2, recursive = TRUE) : over-long path
Warning in file.copy(pkgdir, vd2, recursive = TRUE) : over-long path
Warning in file.copy(pkgdir, vd2, recursive = TRUE) : over-long path
Warning in file.copy(pkgdir, vd2, recursive = TRUE) : over-long path
Warning in file.copy(pkgdir, vd2, recursive = TRUE) : over-long path
Warning in file.copy(pkgdir, vd2, recursive = TRUE) : over-long path
Warning in file.copy(pkgdir, vd2, recursive = TRUE) : over-long path
Warning in file.copy(pkgdir, vd2, recursive = TRUE) : over-long path
Warning in file.copy(pkgdir, vd2, recursive = TRUE) : over-long path
Warning in file.copy(pkgdir, vd2, recursive = TRUE) : over-long path
Warning in file.copy(pkgdir, vd2, recursive = TRUE) : over-long path
Warning in file.copy(pkgdir, vd2, recursive = TRUE) : over-long path
Warning in file.copy(pkgdir, vd2, recursive = TRUE) : over-long path
Warning in file.copy(pkgdir, vd2, recursive = TRUE) : over-long path
Warning in file.copy(pkgdir, vd2, recursive = TRUE) : over-long path
Warning in file.copy(pkgdir, vd2, recursive = TRUE) : over-long path
Warning in file.copy(pkgdir, vd2, recursive = TRUE) : over-long path
Warning in file.copy(pkgdir, vd2, recursive = TRUE) : over-long path
Warning in file.copy(pkgdir, vd2, recursive = TRUE) : over-long path
Warning in file.copy(pkgdir, vd2, recursive = TRUE) : over-long path
Warning in file.copy(pkgdir, vd2, recursive = TRUE) : over-long path
Warning in file.copy(pkgdir, vd2, recursive = TRUE) : over-long path
Warning in file.copy(pkgdir, vd2, recursive = TRUE) : over-long path
Warning in file.copy(pkgdir, vd2, recursive = TRUE) : over-long path
Warning in file.copy(pkgdir, vd2, recursive = TRUE) : over-long path
Warning in file.copy(pkgdir, vd2, recursive = TRUE) : over-long path
Warning in file.copy(pkgdir, vd2, recursive = TRUE) : over-long path
Warning in file.copy(pkgdir, vd2, recursive = TRUE) : over-long path
Warning in file.copy(pkgdir, vd2, recursive = TRUE) : over-long path
Warning in file.copy(pkgdir, vd2, recursive = TRUE) : over-long path
Warning in file.copy(pkgdir, vd2, recursive = TRUE) : over-long path
Warning in file.copy(pkgdir, vd2, recursive = TRUE) : over-long path
Warning in file.copy(pkgdir, vd2, recursive = TRUE) : over-long path
Warning in file.copy(pkgdir, vd2, recursive = TRUE) : over-long path
Warning in file.copy(pkgdir, vd2, recursive = TRUE) : over-long path
Warning in file.copy(pkgdir, vd2, recursive = TRUE) : over-long path
Warning in file.copy(pkgdir, vd2, recursive = TRUE) : over-long path
Warning in file.copy(pkgdir, vd2, recursive = TRUE) : over-long path
Warning in file.copy(pkgdir, vd2, recursive = TRUE) : over-long path
Warning in file.copy(pkgdir, vd2, recursive = TRUE) : over-long path
Warning in file.copy(pkgdir, vd2, recursive = TRUE) : over-long path
Warning in file.copy(pkgdir, vd2, recursive = TRUE) : over-long path
Warning in file.copy(pkgdir, vd2, recursive = TRUE) : over-long path
Warning in file.copy(pkgdir, vd2, recursive = TRUE) : over-long path
Warning in file.copy(pkgdir, vd2, recursive = TRUE) : over-long path
Warning in file.copy(pkgdir, vd2, recursive = TRUE) : over-long path
Warning in file.copy(pkgdir, vd2, recursive = TRUE) : over-long path
Warning in file.copy(pkgdir, vd2, recursive = TRUE) : over-long path
Warning in file.copy(pkgdir, vd2, recursive = TRUE) : over-long path
Warning in file.copy(pkgdir, vd2, recursive = TRUE) : over-long path
Warning in file.copy(pkgdir, vd2, recursive = TRUE) : over-long path
Warning in file.copy(pkgdir, vd2, recursive = TRUE) : over-long path
Warning in file.copy(pkgdir, vd2, recursive = TRUE) : over-long path
Warning in file.copy(pkgdir, vd2, recursive = TRUE) : over-long path
Warning in file.copy(pkgdir, vd2, recursive = TRUE) : over-long path
Warning in file.copy(pkgdir, vd2, recursive = TRUE) : over-long path
Warning in file.copy(pkgdir, vd2, recursive = TRUE) : over-long path
Warning in file.copy(pkgdir, vd2, recursive = TRUE) : over-long path
Warning in file.copy(pkgdir, vd2, recursive = TRUE) : over-long path
Warning in file.copy(pkgdir, vd2, recursive = TRUE) : over-long path
Warning in file.copy(pkgdir, vd2, recursive = TRUE) : over-long path
Warning in file.copy(pkgdir, vd2, recursive = TRUE) : over-long path
Warning in file.copy(pkgdir, vd2, recursive = TRUE) : over-long path
Warning in file.copy(pkgdir, vd2, recursive = TRUE) : over-long path
Warning in file.copy(pkgdir, vd2, recursive = TRUE) : over-long path
Warning in file.copy(pkgdir, vd2, recursive = TRUE) : over-long path
Warning in file.copy(pkgdir, vd2, recursive = TRUE) : over-long path
Warning in file.copy(pkgdir, vd2, recursive = TRUE) : over-long path
Warning in file.copy(pkgdir, vd2, recursive = TRUE) : over-long path
Warning in file.copy(pkgdir, vd2, recursive = TRUE) : over-long path
Warning in file.copy(pkgdir, vd2, recursive = TRUE) : over-long path
Warning in file.copy(pkgdir, vd2, recursive = TRUE) : over-long path
Warning in file.copy(pkgdir, vd2, recursive = TRUE) : over-long path
Warning in file.copy(pkgdir, vd2, recursive = TRUE) : over-long path
Warning in file.copy(pkgdir, vd2, recursive = TRUE) : over-long path
Warning in file.copy(pkgdir, vd2, recursive = TRUE) : over-long path
Warning in file.copy(pkgdir, vd2, recursive = TRUE) : over-long path
Warning in file.copy(pkgdir, vd2, recursive = TRUE) : over-long path
Warning in file.copy(pkgdir, vd2, recursive = TRUE) : over-long path
Warning in file.copy(pkgdir, vd2, recursive = TRUE) : over-long path
Warning in file.copy(pkgdir, vd2, recursive = TRUE) : over-long path
Warning in file.copy(pkgdir, vd2, recursive = TRUE) : over-long path
Warning in file.copy(pkgdir, vd2, recursive = TRUE) : over-long path
Warning in file.copy(pkgdir, vd2, recursive = TRUE) : over-long path
Warning in file.copy(pkgdir, vd2, recursive = TRUE) : over-long path
Warning in file.copy(pkgdir, vd2, recursive = TRUE) : over-long path
Warning in file.copy(pkgdir, vd2, recursive = TRUE) : over-long path
Warning in file.copy(pkgdir, vd2, recursive = TRUE) : over-long path
Warning in file.copy(pkgdir, vd2, recursive = TRUE) : over-long path
Warning in file.copy(pkgdir, vd2, recursive = TRUE) : over-long path
Warning in file.copy(pkgdir, vd2, recursive = TRUE) : over-long path
Warning in file.copy(pkgdir, vd2, recursive = TRUE) : over-long path
Warning in file.copy(pkgdir, vd2, recursive = TRUE) : over-long path
Warning in file.copy(pkgdir, vd2, recursive = TRUE) : over-long path
Warning in file.copy(pkgdir, vd2, recursive = TRUE) : over-long path
Warning in file.copy(pkgdir, vd2, recursive = TRUE) : over-long path
Warning in file.copy(pkgdir, vd2, recursive = TRUE) : over-long path
Warning in file.copy(pkgdir, vd2, recursive = TRUE) : over-long path
Warning in file.copy(pkgdir, vd2, recursive = TRUE) : over-long path
Warning in file.copy(pkgdir, vd2, recursive = TRUE) : over-long path
Warning in file.copy(pkgdir, vd2, recursive = TRUE) : over-long path
Warning in file.copy(pkgdir, vd2, recursive = TRUE) : over-long path
Warning in file.copy(pkgdir, vd2, recursive = TRUE) : over-long path
Warning in file.copy(pkgdir, vd2, recursive = TRUE) : over-long path
Warning in file.copy(pkgdir, vd2, recursive = TRUE) : over-long path
Warning in file.copy(pkgdir, vd2, recursive = TRUE) : over-long path
Warning in file.copy(pkgdir, vd2, recursive = TRUE) : over-long path
Warning in file.copy(pkgdir, vd2, recursive = TRUE) : over-long path
Warning in file.copy(pkgdir, vd2, recursive = TRUE) : over-long path
Warning in file.copy(pkgdir, vd2, recursive = TRUE) : over-long path
Warning in file.copy(pkgdir, vd2, recursive = TRUE) : over-long path
Warning in file.copy(pkgdir, vd2, recursive = TRUE) : over-long path
Warning in file.copy(pkgdir, vd2, recursive = TRUE) : over-long path
Warning in file.copy(pkgdir, vd2, recursive = TRUE) : over-long path
Warning in file.copy(pkgdir, vd2, recursive = TRUE) : over-long path
Warning in file.copy(pkgdir, vd2, recursive = TRUE) : over-long path
Warning in file.copy(pkgdir, vd2, recursive = TRUE) : over-long path
Warning in file.copy(pkgdir, vd2, recursive = TRUE) : over-long path
Warning in file.copy(pkgdir, vd2, recursive = TRUE) : over-long path
Warning in file.copy(pkgdir, vd2, recursive = TRUE) : over-long path
Warning in file.copy(pkgdir, vd2, recursive = TRUE) : over-long path
Warning in file.copy(pkgdir, vd2, recursive = TRUE) : over-long path
Warning in file.copy(pkgdir, vd2, recursive = TRUE) : over-long path
Warning in file.copy(pkgdir, vd2, recursive = TRUE) : over-long path
Warning in file.copy(pkgdir, vd2, recursive = TRUE) : over-long path
Warning in file.copy(pkgdir, vd2, recursive = TRUE) : over-long path
Warning in file.copy(pkgdir, vd2, recursive = TRUE) : over-long path
Warning in file.copy(pkgdir, vd2, recursive = TRUE) : over-long path
Warning in file.copy(pkgdir, vd2, recursive = TRUE) : over-long path
Warning in file.copy(pkgdir, vd2, recursive = TRUE) : over-long path
Warning in file.copy(pkgdir, vd2, recursive = TRUE) : over-long path
Warning in file.copy(pkgdir, vd2, recursive = TRUE) : over-long path
Warning in file.copy(pkgdir, vd2, recursive = TRUE) : over-long path
Warning in file.copy(pkgdir, vd2, recursive = TRUE) : over-long path
Warning in file.copy(pkgdir, vd2, recursive = TRUE) : over-long path
Warning in file.copy(pkgdir, vd2, recursive = TRUE) : over-long path
Warning in file.copy(pkgdir, vd2, recursive = TRUE) : over-long path
Warning in file.copy(pkgdir, vd2, recursive = TRUE) : over-long path
Warning in file.copy(pkgdir, vd2, recursive = TRUE) : over-long path
Warning in file.copy(pkgdir, vd2, recursive = TRUE) : over-long path
Warning in file.copy(pkgdir, vd2, recursive = TRUE) : over-long path
Warning in file.copy(pkgdir, vd2, recursive = TRUE) : over-long path
Warning in file.copy(pkgdir, vd2, recursive = TRUE) : over-long path
Warning in file.copy(pkgdir, vd2, recursive = TRUE) : over-long path
Warning in file.copy(pkgdir, vd2, recursive = TRUE) : over-long path
Warning in file.copy(pkgdir, vd2, recursive = TRUE) : over-long path
Warning in file.copy(pkgdir, vd2, recursive = TRUE) : over-long path
Warning in file.copy(pkgdir, vd2, recursive = TRUE) : over-long path
Warning in file.copy(pkgdir, vd2, recursive = TRUE) : over-long path
Warning in file.copy(pkgdir, vd2, recursive = TRUE) : over-long path
Warning in file.copy(pkgdir, vd2, recursive = TRUE) : over-long path
Warning in file.copy(pkgdir, vd2, recursive = TRUE) : over-long path
Warning in file.copy(pkgdir, vd2, recursive = TRUE) : over-long path
Warning in file.copy(pkgdir, vd2, recursive = TRUE) : over-long path
Warning in file.copy(pkgdir, vd2, recursive = TRUE) : over-long path
Warning in file.copy(pkgdir, vd2, recursive = TRUE) : over-long path
Warning in file.copy(pkgdir, vd2, recursive = TRUE) : over-long path
Warning in file.copy(pkgdir, vd2, recursive = TRUE) : over-long path
Warning in file.copy(pkgdir, vd2, recursive = TRUE) : over-long path
Warning in file.copy(pkgdir, vd2, recursive = TRUE) : over-long path
Warning in file.copy(pkgdir, vd2, recursive = TRUE) : over-long path
Warning in file.copy(pkgdir, vd2, recursive = TRUE) : over-long path
Warning in file.copy(pkgdir, vd2, recursive = TRUE) : over-long path
Warning in file.copy(pkgdir, vd2, recursive = TRUE) : over-long path
Warning in file.copy(pkgdir, vd2, recursive = TRUE) : over-long path
Warning in file.copy(pkgdir, vd2, recursive = TRUE) : over-long path
Warning in file.copy(pkgdir, vd2, recursive = TRUE) : over-long path
Warning in file.copy(pkgdir, vd2, recursive = TRUE) : over-long path
Warning in file.copy(pkgdir, vd2, recursive = TRUE) : over-long path
Warning in file.copy(pkgdir, vd2, recursive = TRUE) : over-long path
Warning in file.copy(pkgdir, vd2, recursive = TRUE) : over-long path
Warning in file.copy(pkgdir, vd2, recursive = TRUE) : over-long path
Warning in file.copy(pkgdir, vd2, recursive = TRUE) : over-long path
Warning in file.copy(pkgdir, vd2, recursive = TRUE) : over-long path
Warning in file.copy(pkgdir, vd2, recursive = TRUE) : over-long path
Warning in file.copy(pkgdir, vd2, recursive = TRUE) : over-long path
Warning in file.copy(pkgdir, vd2, recursive = TRUE) : over-long path
Warning in file.copy(pkgdir, vd2, recursive = TRUE) : over-long path
Warning in file.copy(pkgdir, vd2, recursive = TRUE) : over-long path
Warning in file.copy(pkgdir, vd2, recursive = TRUE) : over-long path
Warning in file.copy(pkgdir, vd2, recursive = TRUE) : over-long path
Warning in file.copy(pkgdir, vd2, recursive = TRUE) : over-long path
Warning in file.copy(pkgdir, vd2, recursive = TRUE) : over-long path
Warning in file.copy(pkgdir, vd2, recursive = TRUE) : over-long path
Warning in file.copy(pkgdir, vd2, recursive = TRUE) : over-long path
Warning in file.copy(pkgdir, vd2, recursive = TRUE) : over-long path
Warning in file.copy(pkgdir, vd2, recursive = TRUE) : over-long path
Warning in file.copy(pkgdir, vd2, recursive = TRUE) : over-long path
Warning in file.copy(pkgdir, vd2, recursive = TRUE) : over-long path
Warning in file.copy(pkgdir, vd2, recursive = TRUE) : over-long path
Warning in file.copy(pkgdir, vd2, recursive = TRUE) : over-long path
Warning in file.copy(pkgdir, vd2, recursive = TRUE) : over-long path
Warning in file.copy(pkgdir, vd2, recursive = TRUE) : over-long path
Warning in file.copy(pkgdir, vd2, recursive = TRUE) : over-long path
Warning in file.copy(pkgdir, vd2, recursive = TRUE) : over-long path
Warning in file.copy(pkgdir, vd2, recursive = TRUE) : over-long path
Warning in file.copy(pkgdir, vd2, recursive = TRUE) : over-long path
Warning in file.copy(pkgdir, vd2, recursive = TRUE) : over-long path
Warning in file.copy(pkgdir, vd2, recursive = TRUE) : over-long path
Warning in file.copy(pkgdir, vd2, recursive = TRUE) : over-long path
Warning in file.copy(pkgdir, vd2, recursive = TRUE) : over-long path
Warning in file.copy(pkgdir, vd2, recursive = TRUE) : over-long path
Warning in file.copy(pkgdir, vd2, recursive = TRUE) : over-long path
Warning in file.copy(pkgdir, vd2, recursive = TRUE) : over-long path
Warning in file.copy(pkgdir, vd2, recursive = TRUE) : over-long path
Warning in file.copy(pkgdir, vd2, recursive = TRUE) : over-long path
Warning in file.copy(pkgdir, vd2, recursive = TRUE) : over-long path
Warning in file.copy(pkgdir, vd2, recursive = TRUE) : over-long path
Warning in file.copy(pkgdir, vd2, recursive = TRUE) : over-long path
Warning in file.copy(pkgdir, vd2, recursive = TRUE) : over-long path
Warning in file.copy(pkgdir, vd2, recursive = TRUE) : over-long path
Warning in file.copy(pkgdir, vd2, recursive = TRUE) : over-long path
Warning in file.copy(pkgdir, vd2, recursive = TRUE) : over-long path
Warning in file.copy(pkgdir, vd2, recursive = TRUE) : over-long path
Warning in file.copy(pkgdir, vd2, recursive = TRUE) : over-long path
Warning in file.copy(pkgdir, vd2, recursive = TRUE) : over-long path
Warning in file.copy(pkgdir, vd2, recursive = TRUE) : over-long path
Warning in file.copy(pkgdir, vd2, recursive = TRUE) : over-long path
Warning in file.copy(pkgdir, vd2, recursive = TRUE) : over-long path
Warning in file.copy(pkgdir, vd2, recursive = TRUE) : over-long path
Warning in file.copy(pkgdir, vd2, recursive = TRUE) : over-long path
Warning in file.copy(pkgdir, vd2, recursive = TRUE) : over-long path
Warning in file.copy(pkgdir, vd2, recursive = TRUE) : over-long path
Warning in file.copy(pkgdir, vd2, recursive = TRUE) : over-long path
Warning in file.copy(pkgdir, vd2, recursive = TRUE) : over-long path
Warning in file.copy(pkgdir, vd2, recursive = TRUE) : over-long path
Warning in file.copy(pkgdir, vd2, recursive = TRUE) : over-long path
Warning in file.copy(pkgdir, vd2, recursive = TRUE) : over-long path
Warning in file.copy(pkgdir, vd2, recursive = TRUE) : over-long path
Warning in file.copy(pkgdir, vd2, recursive = TRUE) : over-long path
Warning in file.copy(pkgdir, vd2, recursive = TRUE) : over-long path
Warning in file.copy(pkgdir, vd2, recursive = TRUE) : over-long path
Warning in file.copy(pkgdir, vd2, recursive = TRUE) : over-long path
Warning in file.copy(pkgdir, vd2, recursive = TRUE) : over-long path
Warning in file.copy(pkgdir, vd2, recursive = TRUE) : over-long path
Warning in file.copy(pkgdir, vd2, recursive = TRUE) : over-long path
Warning in file.copy(pkgdir, vd2, recursive = TRUE) : over-long path
Warning in file.copy(pkgdir, vd2, recursive = TRUE) : over-long path
Warning in file.copy(pkgdir, vd2, recursive = TRUE) : over-long path
Warning in file.copy(pkgdir, vd2, recursive = TRUE) : over-long path
Warning in file.copy(pkgdir, vd2, recursive = TRUE) : over-long path
Warning in file.copy(pkgdir, vd2, recursive = TRUE) : over-long path
Warning in file.copy(pkgdir, vd2, recursive = TRUE) : over-long path
Warning in file.copy(pkgdir, vd2, recursive = TRUE) : over-long path
Warning in file.copy(pkgdir, vd2, recursive = TRUE) : over-long path
Warning in file.copy(pkgdir, vd2, recursive = TRUE) : over-long path
Warning in file.copy(pkgdir, vd2, recursive = TRUE) : over-long path
Warning in file.copy(pkgdir, vd2, recursive = TRUE) : over-long path
Warning in file.copy(pkgdir, vd2, recursive = TRUE) : over-long path
Warning in file.copy(pkgdir, vd2, recursive = TRUE) : over-long path
Warning in file.copy(pkgdir, vd2, recursive = TRUE) : over-long path
Warning in file.copy(pkgdir, vd2, recursive = TRUE) : over-long path
Warning in file.copy(pkgdir, vd2, recursive = TRUE) : over-long path
Warning in file.copy(pkgdir, vd2, recursive = TRUE) : over-long path
Warning in file.copy(pkgdir, vd2, recursive = TRUE) : over-long path
Warning in file.copy(pkgdir, vd2, recursive = TRUE) : over-long path
Warning in file.copy(pkgdir, vd2, recursive = TRUE) : over-long path
Warning in file.copy(pkgdir, vd2, recursive = TRUE) : over-long path
Warning in file.copy(pkgdir, vd2, recursive = TRUE) : over-long path
Warning in file.copy(pkgdir, vd2, recursive = TRUE) : over-long path
Warning in file.copy(pkgdir, vd2, recursive = TRUE) : over-long path
Warning in file.copy(pkgdir, vd2, recursive = TRUE) : over-long path
Warning in file.copy(pkgdir, vd2, recursive = TRUE) : over-long path
Warning in file.copy(pkgdir, vd2, recursive = TRUE) : over-long path
Warning in file.copy(pkgdir, vd2, recursive = TRUE) : over-long path
Warning in file.copy(pkgdir, vd2, recursive = TRUE) : over-long path
Warning in file.copy(pkgdir, vd2, recursive = TRUE) : over-long path
Warning in file.copy(pkgdir, vd2, recursive = TRUE) : over-long path
Warning in file.copy(pkgdir, vd2, recursive = TRUE) : over-long path
Warning in file.copy(pkgdir, vd2, recursive = TRUE) : over-long path
Warning in file.copy(pkgdir, vd2, recursive = TRUE) : over-long path
Warning in file.copy(pkgdir, vd2, recursive = TRUE) : over-long path
Warning in file.copy(pkgdir, vd2, recursive = TRUE) : over-long path
Warning in file.copy(pkgdir, vd2, recursive = TRUE) : over-long path
Warning in file.copy(pkgdir, vd2, recursive = TRUE) : over-long path
Warning in file.copy(pkgdir, vd2, recursive = TRUE) : over-long path
Warning in file.copy(pkgdir, vd2, recursive = TRUE) : over-long path
Warning in file.copy(pkgdir, vd2, recursive = TRUE) : over-long path
Warning in file.copy(pkgdir, vd2, recursive = TRUE) : over-long path
Warning in file.copy(pkgdir, vd2, recursive = TRUE) : over-long path
Warning in file.copy(pkgdir, vd2, recursive = TRUE) : over-long path
Warning in file.copy(pkgdir, vd2, recursive = TRUE) : over-long path
Warning in file.copy(pkgdir, vd2, recursive = TRUE) : over-long path
Warning in file.copy(pkgdir, vd2, recursive = TRUE) : over-long path
Warning in file.copy(pkgdir, vd2, recursive = TRUE) : over-long path
Warning in file.copy(pkgdir, vd2, recursive = TRUE) : over-long path
Warning in file.copy(pkgdir, vd2, recursive = TRUE) : over-long path
Warning in file.copy(pkgdir, vd2, recursive = TRUE) : over-long path
Warning in file.copy(pkgdir, vd2, recursive = TRUE) : over-long path
Warning in file.copy(pkgdir, vd2, recursive = TRUE) : over-long path
Warning in file.copy(pkgdir, vd2, recursive = TRUE) : over-long path
Warning in file.copy(pkgdir, vd2, recursive = TRUE) : over-long path
Warning in file.copy(pkgdir, vd2, recursive = TRUE) : over-long path
Warning in file.copy(pkgdir, vd2, recursive = TRUE) : over-long path
Warning in file.copy(pkgdir, vd2, recursive = TRUE) : over-long path
Warning in file.copy(pkgdir, vd2, recursive = TRUE) : over-long path
Warning in file.copy(pkgdir, vd2, recursive = TRUE) : over-long path
Warning in file.copy(pkgdir, vd2, recursive = TRUE) : over-long path
Warning in file.copy(pkgdir, vd2, recursive = TRUE) : over-long path
Warning in file.copy(pkgdir, vd2, recursive = TRUE) : over-long path
Warning in file.copy(pkgdir, vd2, recursive = TRUE) : over-long path
Warning in file.copy(pkgdir, vd2, recursive = TRUE) : over-long path
Warning in file.copy(pkgdir, vd2, recursive = TRUE) : over-long path
Warning in file.copy(pkgdir, vd2, recursive = TRUE) : over-long path
Warning in file.copy(pkgdir, vd2, recursive = TRUE) : over-long path
Warning in file.copy(pkgdir, vd2, recursive = TRUE) : over-long path
Warning in file.copy(pkgdir, vd2, recursive = TRUE) : over-long path
Warning in file.copy(pkgdir, vd2, recursive = TRUE) : over-long path
Warning in file.copy(pkgdir, vd2, recursive = TRUE) : over-long path
Warning in file.copy(pkgdir, vd2, recursive = TRUE) : over-long path
Warning in file.copy(pkgdir, vd2, recursive = TRUE) : over-long path
Warning in file.copy(pkgdir, vd2, recursive = TRUE) : over-long path
Warning in file.copy(pkgdir, vd2, recursive = TRUE) : over-long path
Warning in file.copy(pkgdir, vd2, recursive = TRUE) : over-long path
Warning in file.copy(pkgdir, vd2, recursive = TRUE) : over-long path
Warning in file.copy(pkgdir, vd2, recursive = TRUE) : over-long path
Warning in file.copy(pkgdir, vd2, recursive = TRUE) : over-long path
Warning in file.copy(pkgdir, vd2, recursive = TRUE) : over-long path
Warning in file.copy(pkgdir, vd2, recursive = TRUE) : over-long path
Warning in file.copy(pkgdir, vd2, recursive = TRUE) : over-long path
Warning in file.copy(pkgdir, vd2, recursive = TRUE) : over-long path
Warning in file.copy(pkgdir, vd2, recursive = TRUE) : over-long path
Warning in file.copy(pkgdir, vd2, recursive = TRUE) : over-long path
Warning in file.copy(pkgdir, vd2, recursive = TRUE) : over-long path
Warning in file.copy(pkgdir, vd2, recursive = TRUE) : over-long path
Warning in file.copy(pkgdir, vd2, recursive = TRUE) : over-long path
Warning in file.copy(pkgdir, vd2, recursive = TRUE) : over-long path
Warning in file.copy(pkgdir, vd2, recursive = TRUE) : over-long path
Warning in file.copy(pkgdir, vd2, recursive = TRUE) : over-long path
Warning in file.copy(pkgdir, vd2, recursive = TRUE) : over-long path
Warning in file.copy(pkgdir, vd2, recursive = TRUE) : over-long path
Warning in file.copy(pkgdir, vd2, recursive = TRUE) : over-long path
Warning in file.copy(pkgdir, vd2, recursive = TRUE) : over-long path
Warning in file.copy(pkgdir, vd2, recursive = TRUE) : over-long path
Warning in file.copy(pkgdir, vd2, recursive = TRUE) : over-long path
Warning in file.copy(pkgdir, vd2, recursive = TRUE) : over-long path
Warning in file.copy(pkgdir, vd2, recursive = TRUE) : over-long path
Warning in file.copy(pkgdir, vd2, recursive = TRUE) : over-long path
Warning in file.copy(pkgdir, vd2, recursive = TRUE) : over-long path
Warning in file.copy(pkgdir, vd2, recursive = TRUE) : over-long path
Warning in file.copy(pkgdir, vd2, recursive = TRUE) : over-long path
Warning in file.copy(pkgdir, vd2, recursive = TRUE) : over-long path
Warning in file.copy(pkgdir, vd2, recursive = TRUE) : over-long path
Warning in file.copy(pkgdir, vd2, recursive = TRUE) : over-long path
Warning in file.copy(pkgdir, vd2, recursive = TRUE) : over-long path
Warning in file.copy(pkgdir, vd2, recursive = TRUE) : over-long path
Warning in file.copy(pkgdir, vd2, recursive = TRUE) : over-long path
Warning in file.copy(pkgdir, vd2, recursive = TRUE) : over-long path
Warning in file.copy(pkgdir, vd2, recursive = TRUE) : over-long path
Warning in file.copy(pkgdir, vd2, recursive = TRUE) : over-long path
Warning in file.copy(pkgdir, vd2, recursive = TRUE) : over-long path
Warning in file.copy(pkgdir, vd2, recursive = TRUE) : over-long path
Warning in file.copy(pkgdir, vd2, recursive = TRUE) : over-long path
Warning in file.copy(pkgdir, vd2, recursive = TRUE) : over-long path
Warning in file.copy(pkgdir, vd2, recursive = TRUE) : over-long path
Warning in file.copy(pkgdir, vd2, recursive = TRUE) : over-long path
Warning in file.copy(pkgdir, vd2, recursive = TRUE) : over-long path
Warning in file.copy(pkgdir, vd2, recursive = TRUE) : over-long path
Warning in file.copy(pkgdir, vd2, recursive = TRUE) : over-long path
Warning in file.copy(pkgdir, vd2, recursive = TRUE) : over-long path
Warning in file.copy(pkgdir, vd2, recursive = TRUE) : over-long path
Warning in file.copy(pkgdir, vd2, recursive = TRUE) : over-long path
Warning in file.copy(pkgdir, vd2, recursive = TRUE) : over-long path
Warning in file.copy(pkgdir, vd2, recursive = TRUE) : over-long path
Warning in file.copy(pkgdir, vd2, recursive = TRUE) : over-long path
Warning in file.copy(pkgdir, vd2, recursive = TRUE) : over-long path
Warning in file.copy(pkgdir, vd2, recursive = TRUE) : over-long path
Warning in file.copy(pkgdir, vd2, recursive = TRUE) : over-long path
Warning in file.copy(pkgdir, vd2, recursive = TRUE) : over-long path
Warning in file.copy(pkgdir, vd2, recursive = TRUE) : over-long path
Warning in file.copy(pkgdir, vd2, recursive = TRUE) : over-long path
Warning in file.copy(pkgdir, vd2, recursive = TRUE) : over-long path
Warning in file.copy(pkgdir, vd2, recursive = TRUE) : over-long path
Warning in file.copy(pkgdir, vd2, recursive = TRUE) : over-long path
Warning in file.copy(pkgdir, vd2, recursive = TRUE) : over-long path
Warning in file.copy(pkgdir, vd2, recursive = TRUE) : over-long path
Warning in file.copy(pkgdir, vd2, recursive = TRUE) : over-long path
Warning in file.copy(pkgdir, vd2, recursive = TRUE) : over-long path
Warning in file.copy(pkgdir, vd2, recursive = TRUE) : over-long path
Warning in file.copy(pkgdir, vd2, recursive = TRUE) : over-long path
Warning in file.copy(pkgdir, vd2, recursive = TRUE) : over-long path
Warning in file.copy(pkgdir, vd2, recursive = TRUE) : over-long path
Warning in file.copy(pkgdir, vd2, recursive = TRUE) : over-long path
Warning in file.copy(pkgdir, vd2, recursive = TRUE) : over-long path
Warning in file.copy(pkgdir, vd2, recursive = TRUE) : over-long path
Warning in file.copy(pkgdir, vd2, recursive = TRUE) : over-long path
Warning in file.copy(pkgdir, vd2, recursive = TRUE) : over-long path
Warning in file.copy(pkgdir, vd2, recursive = TRUE) : over-long path
Warning in file.copy(pkgdir, vd2, recursive = TRUE) : over-long path
Warning in file.copy(pkgdir, vd2, recursive = TRUE) : over-long path
Warning in file.copy(pkgdir, vd2, recursive = TRUE) : over-long path
Warning in file.copy(pkgdir, vd2, recursive = TRUE) : over-long path
Warning in file.copy(pkgdir, vd2, recursive = TRUE) : over-long path
Warning in file.copy(pkgdir, vd2, recursive = TRUE) : over-long path
Warning in file.copy(pkgdir, vd2, recursive = TRUE) : over-long path
Warning in file.copy(pkgdir, vd2, recursive = TRUE) : over-long path
Warning in file.copy(pkgdir, vd2, recursive = TRUE) : over-long path
Warning in file.copy(pkgdir, vd2, recursive = TRUE) : over-long path
Warning in file.copy(pkgdir, vd2, recursive = TRUE) : over-long path
Warning in file.copy(pkgdir, vd2, recursive = TRUE) : over-long path
Warning in file.copy(pkgdir, vd2, recursive = TRUE) : over-long path
Warning in file.copy(pkgdir, vd2, recursive = TRUE) : over-long path
Warning in file.copy(pkgdir, vd2, recursive = TRUE) : over-long path
Warning in file.copy(pkgdir, vd2, recursive = TRUE) : over-long path
Warning in file.copy(pkgdir, vd2, recursive = TRUE) : over-long path
Warning in file.copy(pkgdir, vd2, recursive = TRUE) : over-long path
Warning in file.copy(pkgdir, vd2, recursive = TRUE) : over-long path
Warning in file.copy(pkgdir, vd2, recursive = TRUE) : over-long path
Warning in file.copy(pkgdir, vd2, recursive = TRUE) : over-long path
Warning in file.copy(pkgdir, vd2, recursive = TRUE) : over-long path
Warning in file.copy(pkgdir, vd2, recursive = TRUE) : over-long path
Warning in file.copy(pkgdir, vd2, recursive = TRUE) : over-long path
Warning in file.copy(pkgdir, vd2, recursive = TRUE) : over-long path
Warning in file.copy(pkgdir, vd2, recursive = TRUE) : over-long path
Warning in file.copy(pkgdir, vd2, recursive = TRUE) : over-long path
Warning in file.copy(pkgdir, vd2, recursive = TRUE) : over-long path
Warning in file.copy(pkgdir, vd2, recursive = TRUE) : over-long path
Warning in file.copy(pkgdir, vd2, recursive = TRUE) : over-long path
Warning in file.copy(pkgdir, vd2, recursive = TRUE) : over-long path
Warning in file.copy(pkgdir, vd2, recursive = TRUE) : over-long path
Warning in file.copy(pkgdir, vd2, recursive = TRUE) : over-long path
Warning in file.copy(pkgdir, vd2, recursive = TRUE) : over-long path
Warning in file.copy(pkgdir, vd2, recursive = TRUE) : over-long path
Warning in file.copy(pkgdir, vd2, recursive = TRUE) : over-long path
Warning in file.copy(pkgdir, vd2, recursive = TRUE) : over-long path
Warning in file.copy(pkgdir, vd2, recursive = TRUE) : over-long path
Warning in file.copy(pkgdir, vd2, recursive = TRUE) : over-long path
Warning in file.copy(pkgdir, vd2, recursive = TRUE) : over-long path
Warning in file.copy(pkgdir, vd2, recursive = TRUE) : over-long path
Warning in file.copy(pkgdir, vd2, recursive = TRUE) : over-long path
Warning in file.copy(pkgdir, vd2, recursive = TRUE) : over-long path
Warning in file.copy(pkgdir, vd2, recursive = TRUE) : over-long path
Warning in file.copy(pkgdir, vd2, recursive = TRUE) : over-long path
Warning in file.copy(pkgdir, vd2, recursive = TRUE) : over-long path
Warning in file.copy(pkgdir, vd2, recursive = TRUE) : over-long path
Warning in file.copy(pkgdir, vd2, recursive = TRUE) : over-long path
Warning in file.copy(pkgdir, vd2, recursive = TRUE) : over-long path
Warning in file.copy(pkgdir, vd2, recursive = TRUE) : over-long path
Warning in file.copy(pkgdir, vd2, recursive = TRUE) : over-long path
Warning in file.copy(pkgdir, vd2, recursive = TRUE) : over-long path
Warning in file.copy(pkgdir, vd2, recursive = TRUE) : over-long path
Warning in file.copy(pkgdir, vd2, recursive = TRUE) : over-long path
Warning in file.copy(pkgdir, vd2, recursive = TRUE) : over-long path
Warning in file.copy(pkgdir, vd2, recursive = TRUE) : over-long path
Warning in file.copy(pkgdir, vd2, recursive = TRUE) : over-long path
Warning in file.copy(pkgdir, vd2, recursive = TRUE) : over-long path
Warning in file.copy(pkgdir, vd2, recursive = TRUE) : over-long path
Warning in file.copy(pkgdir, vd2, recursive = TRUE) : over-long path
Warning in file.copy(pkgdir, vd2, recursive = TRUE) : over-long path
Warning in file.copy(pkgdir, vd2, recursive = TRUE) : over-long path
Warning in file.copy(pkgdir, vd2, recursive = TRUE) : over-long path
Warning in file.copy(pkgdir, vd2, recursive = TRUE) : over-long path
Warning in file.copy(pkgdir, vd2, recursive = TRUE) : over-long path
Warning in file.copy(pkgdir, vd2, recursive = TRUE) : over-long path
Warning in file.copy(pkgdir, vd2, recursive = TRUE) : over-long path
Warning in file.copy(pkgdir, vd2, recursive = TRUE) : over-long path
Warning in file.copy(pkgdir, vd2, recursive = TRUE) : over-long path
Warning in file.copy(pkgdir, vd2, recursive = TRUE) : over-long path
Warning in file.copy(pkgdir, vd2, recursive = TRUE) : over-long path
Warning in file.copy(pkgdir, vd2, recursive = TRUE) : over-long path
Warning in file.copy(pkgdir, vd2, recursive = TRUE) : over-long path
Warning in file.copy(pkgdir, vd2, recursive = TRUE) : over-long path
Warning in file.copy(pkgdir, vd2, recursive = TRUE) : over-long path
Warning in file.copy(pkgdir, vd2, recursive = TRUE) : over-long path
Warning in file.copy(pkgdir, vd2, recursive = TRUE) : over-long path
Warning in file.copy(pkgdir, vd2, recursive = TRUE) : over-long path
Warning in file.copy(pkgdir, vd2, recursive = TRUE) : over-long path
Warning in file.copy(pkgdir, vd2, recursive = TRUE) : over-long path
Warning in file.copy(pkgdir, vd2, recursive = TRUE) : over-long path
Warning in file.copy(pkgdir, vd2, recursive = TRUE) : over-long path
Warning in file.copy(pkgdir, vd2, recursive = TRUE) : over-long path
Warning in file.copy(pkgdir, vd2, recursive = TRUE) : over-long path
Warning in file.copy(pkgdir, vd2, recursive = TRUE) : over-long path
Warning in file.copy(pkgdir, vd2, recursive = TRUE) : over-long path
Warning in file.copy(pkgdir, vd2, recursive = TRUE) : over-long path
Warning in file.copy(pkgdir, vd2, recursive = TRUE) : over-long path
Warning in file.copy(pkgdir, vd2, recursive = TRUE) : over-long path
Warning in file.copy(pkgdir, vd2, recursive = TRUE) : over-long path
Warning in file.copy(pkgdir, vd2, recursive = TRUE) : over-long path
Warning in file.copy(pkgdir, vd2, recursive = TRUE) : over-long path
Warning in file.copy(pkgdir, vd2, recursive = TRUE) : over-long path
Warning in file.copy(pkgdir, vd2, recursive = TRUE) : over-long path
Warning in file.copy(pkgdir, vd2, recursive = TRUE) : over-long path
Warning in file.copy(pkgdir, vd2, recursive = TRUE) : over-long path
Warning in file.copy(pkgdir, vd2, recursive = TRUE) : over-long path
Warning in file.copy(pkgdir, vd2, recursive = TRUE) : over-long path
Warning in file.copy(pkgdir, vd2, recursive = TRUE) : over-long path
Warning in file.copy(pkgdir, vd2, recursive = TRUE) : over-long path
 OK
* checking PDF version of manual ... OK
* DONE

Status: 4 WARNINGs, 3 NOTEs
See
  ‘/Users/tobi/Repos/metabodecon/metabodecon/..Rcheck/00check.log’
for details.

